<?xml version="1.0" encoding="UTF-8"?>
<testng-results ignored="0" total="1" passed="1" failed="0" skipped="0">
  <reporter-output>
  </reporter-output>
  <suite started-at="2023-11-28T15:08:06 IST" name="Default suite" finished-at="2023-11-28T15:09:42 IST" duration-ms="96058">
    <groups>
      <group name="cucumber">
        <method signature="AbstractTestNGCucumberTests.runScenario(io.cucumber.testng.PickleWrapper,io.cucumber.testng.FeatureWrapper)[pri:0, instance:runner.TestCucumberRunner@40005471]" name="runScenario" class="io.cucumber.testng.AbstractTestNGCucumberTests"/>
      </group> <!-- cucumber -->
    </groups>
    <test started-at="2023-11-28T15:08:06 IST" name="Default test" finished-at="2023-11-28T15:09:42 IST" duration-ms="96058">
      <class name="runner.TestCucumberRunner">
        <test-method is-config="true" signature="setUpClass(org.testng.ITestContext)[pri:0, instance:runner.TestCucumberRunner@40005471]" started-at="2023-11-28T15:08:06 IST" name="setUpClass" finished-at="2023-11-28T15:08:07 IST" duration-ms="418" status="PASS">
          <params>
            <param index="0">
              <value>
                <![CDATA[org.testng.TestRunner@1e3f86d5]]>
              </value>
            </param>
          </params>
          <reporter-output>
          </reporter-output>
        </test-method> <!-- setUpClass -->
        <test-method signature="runScenario(io.cucumber.testng.PickleWrapper,io.cucumber.testng.FeatureWrapper)[pri:0, instance:runner.TestCucumberRunner@40005471]" started-at="2023-11-28T15:08:07 IST" name="runScenario" description="Runs Cucumber Scenarios" data-provider="scenarios" finished-at="2023-11-28T15:09:40 IST" duration-ms="93558" status="PASS">
          <params>
            <param index="0">
              <value>
                <![CDATA["Adding new user in PIM"]]>
              </value>
            </param>
            <param index="1">
              <value>
                <![CDATA["Acessing the new user"]]>
              </value>
            </param>
          </params>
          <reporter-output>
          </reporter-output>
        </test-method> <!-- runScenario -->
        <test-method is-config="true" signature="tearDownClass()[pri:0, instance:runner.TestCucumberRunner@40005471]" started-at="2023-11-28T15:09:40 IST" name="tearDownClass" finished-at="2023-11-28T15:09:42 IST" duration-ms="1867" status="PASS">
          <reporter-output>
          </reporter-output>
        </test-method> <!-- tearDownClass -->
      </class> <!-- runner.TestCucumberRunner -->
    </test> <!-- Default test -->
  </suite> <!-- Default suite -->
</testng-results>
